#
# There is insufficient memory for the Java Runtime Environment to continue.
# Native memory allocation (malloc) failed to allocate 8192 bytes for AllocateHeap
# Possible reasons:
#   The system is out of physical RAM or swap space
#   In 32 bit mode, the process size limit was hit
# Possible solutions:
#   Reduce memory load on the system
#   Increase physical memory or swap space
#   Check if swap backing store is full
#   Use 64 bit Java on a 64 bit OS
#   Decrease Java heap size (-Xmx/-Xms)
#   Decrease number of Java threads
#   Decrease Java thread stack sizes (-Xss)
#   Set larger code cache with -XX:ReservedCodeCacheSize=
# This output file may be truncated or incomplete.
#
#  Out of Memory Error (memory/allocation.inline.hpp:61), pid=12740, tid=12820
#
# JRE version:  (8.0_60-b27) (build )
# Java VM: Java HotSpot(TM) 64-Bit Server VM (25.60-b23 mixed mode windows-amd64 compressed oops)
# Failed to write core dump. Minidumps are not enabled by default on client versions of Windows
#

---------------  T H R E A D  ---------------

Current thread (0x000000000269d800):  JavaThread "main" [_thread_in_vm, id=12820, stack(0x0000000002870000,0x0000000002970000)]

Stack: [0x0000000002870000,0x0000000002970000]
[error occurred during error reporting (printing stack bounds), id 0xc0000005]

Native frames: (J=compiled Java code, j=interpreted, Vv=VM code, C=native code)

Java frames: (J=compiled Java code, j=interpreted, Vv=VM code)
j  java.lang.Throwable.<clinit>()V+31
v  ~StubRoutines::call_stub
j  java.lang.Thread.start0()V+0
j  java.lang.Thread.start()V+26
j  java.lang.ref.Finalizer.<clinit>()V+68
v  ~StubRoutines::call_stub

---------------  P R O C E S S  ---------------

Java Threads: ( => current thread )
  0x0000000054b64800 JavaThread "Reference Handler" daemon [_thread_new, id=11332, stack(0x00000000556b0000,0x00000000557b0000)]
=>0x000000000269d800 JavaThread "main" [_thread_in_vm, id=12820, stack(0x0000000002870000,0x0000000002970000)]

Other Threads:
  0x0000000054b5c800 VMThread [stack: 0x0000000055540000,0x0000000055640000] [id=12904]

VM state:not at safepoint (normal execution)

VM Mutex/Monitor currently owned by a thread:  ([mutex/lock_event])
[0x000000000269b590] SymbolTable_lock - owner thread: 0x000000000269d800

Heap:
 PSYoungGen      total 17920K, used 307K [0x00000000ec380000, 0x00000000ed780000, 0x0000000100000000)
  eden space 15360K, 2% used [0x00000000ec380000,0x00000000ec3cccd8,0x00000000ed280000)
  from space 2560K, 0% used [0x00000000ed500000,0x00000000ed500000,0x00000000ed780000)
  to   space 2560K, 0% used [0x00000000ed280000,0x00000000ed280000,0x00000000ed500000)
 ParOldGen       total 40960K, used 0K [0x00000000c4a00000, 0x00000000c7200000, 0x00000000ec380000)
  object space 40960K, 0% used [0x00000000c4a00000,0x00000000c4a00000,0x00000000c7200000)
 Metaspace       used 911K, capacity 4480K, committed 4480K, reserved 1056768K
  class space    used 98K, capacity 384K, committed 384K, reserved 1048576K

Card table byte_map: [0x0000000011d30000,0x0000000011f10000] byte_map_base: 0x000000001170b000

Marking Bits: (ParMarkBitMap*) 0x0000000070ffa5b0
 Begin Bits: [0x00000000122a0000, 0x0000000013178000)
 End Bits:   [0x0000000013178000, 0x0000000014050000)

Polling page: 0x0000000000120000

CodeCache: size=245760Kb used=395Kb max_used=395Kb free=245364Kb
 bounds [0x0000000002970000, 0x0000000002be0000, 0x0000000011970000]
 total_blobs=87 nmethods=0 adapters=63
 compilation: enabled

Compilation events (0 events):
No events

GC Heap History (0 events):
No events

Deoptimization events (0 events):
No events

Internal exceptions (0 events):
No events

Events (10 events):
Event: 0.237 loading class java/lang/ref/ReferenceQueue done
Event: 0.237 loading class java/lang/ref/ReferenceQueue$Null
Event: 0.237 loading class java/lang/ref/ReferenceQueue$Null done
Event: 0.237 loading class java/lang/ref/ReferenceQueue$Lock
Event: 0.237 loading class java/lang/ref/ReferenceQueue$Lock done
Event: 0.237 loading class java/lang/ref/Finalizer$FinalizerThread
Event: 0.237 loading class java/lang/ref/Finalizer$FinalizerThread done
Event: 0.237 loading class java/util/ArrayList
Event: 0.237 loading class java/util/ArrayList done
Event: 0.237 loading class java/util/Collections


Dynamic libraries:
0x000000013fd50000 - 0x000000013fd87000 	C:\Program Files\Java\jre1.8.0_60\bin\javaw.exe
0x0000000077900000 - 0x0000000077aaa000 	C:\Windows\SYSTEM32\ntdll.dll
0x00000000776e0000 - 0x00000000777ff000 	C:\Windows\system32\kernel32.dll
0x000007fefd630000 - 0x000007fefd69a000 	C:\Windows\system32\KERNELBASE.dll
0x000007feff8d0000 - 0x000007feff9ab000 	C:\Windows\system32\ADVAPI32.dll
0x000007fefecc0000 - 0x000007fefed5f000 	C:\Windows\system32\msvcrt.dll
0x000007feffae0000 - 0x000007feffaff000 	C:\Windows\SYSTEM32\sechost.dll
0x000007feff350000 - 0x000007feff47d000 	C:\Windows\system32\RPCRT4.dll
0x0000000077800000 - 0x00000000778fa000 	C:\Windows\system32\USER32.dll
0x000007feffa70000 - 0x000007feffad7000 	C:\Windows\system32\GDI32.dll
0x000007fefecb0000 - 0x000007fefecbe000 	C:\Windows\system32\LPK.dll
0x000007feff0f0000 - 0x000007feff1bb000 	C:\Windows\system32\USP10.dll
0x000007fefbef0000 - 0x000007fefc0e4000 	C:\Windows\WinSxS\amd64_microsoft.windows.common-controls_6595b64144ccf1df_6.0.7601.18837_none_fa3b1e3d17594757\COMCTL32.dll
0x000007fefef90000 - 0x000007feff001000 	C:\Windows\system32\SHLWAPI.dll
0x000007feff8a0000 - 0x000007feff8ce000 	C:\Windows\system32\IMM32.DLL
0x000007feffb00000 - 0x000007feffc09000 	C:\Windows\system32\MSCTF.dll
0x0000000071a30000 - 0x0000000071b02000 	C:\Program Files\Java\jre1.8.0_60\bin\msvcr100.dll
0x00000000707f0000 - 0x0000000071079000 	C:\Program Files\Java\jre1.8.0_60\bin\server\jvm.dll
0x000007fefb480000 - 0x000007fefb489000 	C:\Windows\system32\WSOCK32.dll
0x000007fefef40000 - 0x000007fefef8d000 	C:\Windows\system32\WS2_32.dll
0x000007feff480000 - 0x000007feff488000 	C:\Windows\system32\NSI.dll
0x000007fef98f0000 - 0x000007fef992b000 	C:\Windows\system32\WINMM.dll
0x000007fefc3e0000 - 0x000007fefc3ec000 	C:\Windows\system32\VERSION.dll
0x0000000077ac0000 - 0x0000000077ac7000 	C:\Windows\system32\PSAPI.DLL
0x0000000074970000 - 0x000000007497f000 	C:\Program Files\Java\jre1.8.0_60\bin\verify.dll
0x0000000073cd0000 - 0x0000000073cf9000 	C:\Program Files\Java\jre1.8.0_60\bin\java.dll
0x0000000074950000 - 0x0000000074966000 	C:\Program Files\Java\jre1.8.0_60\bin\zip.dll

VM Arguments:
jvm_args: -Dfile.encoding=UTF-8 
java_command: com.bs.view.MainFrame
java_class_path (initial): D:\kwork\project_team2\bin
Launcher Type: SUN_STANDARD

Environment Variables:
PATH=C:/Program Files/Java/jre1.8.0_60/bin/server;C:/Program Files/Java/jre1.8.0_60/bin;C:/Program Files/Java/jre1.8.0_60/lib/amd64;C:\ProgramData\Oracle\Java\javapath;C:\Windows\system32;C:\Windows;C:\Windows\System32\Wbem;C:\Windows\System32\WindowsPowerShell\v1.0;C:\eclipse;
USERNAME=user
OS=Windows_NT
PROCESSOR_IDENTIFIER=Intel64 Family 6 Model 23 Stepping 6, GenuineIntel



---------------  S Y S T E M  ---------------

OS: Windows 7 , 64 bit Build 7601 (6.1.7601.23807)

CPU:total 2 (2 cores per cpu, 1 threads per core) family 6 model 23 stepping 6, cmov, cx8, fxsr, mmx, sse, sse2, sse3, ssse3, sse4.1, tsc

Memory: 4k page, physical 3888048k(700172k free), swap 15550332k(112568k free)

vm_info: Java HotSpot(TM) 64-Bit Server VM (25.60-b23) for windows-amd64 JRE (1.8.0_60-b27), built on Aug  4 2015 11:06:27 by "java_re" with MS VC++ 10.0 (VS2010)

time: Sat Jul 15 17:49:58 2017
elapsed time: 0 seconds (0d 0h 0m 0s)

